
[0;37m=== Gitea Status Check (dev) ===[0m

[0;34mâ”â”â”â”â”â”â”â”â”â”â”â”â”â”â”â”â”â”â”â”â”â”â”â”â”â”â”â”â”â”â”â”â”â”â”â”â”â”â”â”â”â”â”â”â”â”â”â”â”â”â”â”â”â”â”â”â”â”â”â”[0m
[0;34m  Gitea Service Status Check (dev)[0m
[0;34m  Domain: localhost[0m
[0;34mâ”â”â”â”â”â”â”â”â”â”â”â”â”â”â”â”â”â”â”â”â”â”â”â”â”â”â”â”â”â”â”â”â”â”â”â”â”â”â”â”â”â”â”â”â”â”â”â”â”â”â”â”â”â”â”â”â”â”â”â”[0m

[0;37m1. Systemd Service Status:[0m
[0;32m   âœ“ gitea_dev is running[0m
   â— gitea_dev.service - Gitea (dev)
        Loaded: loaded (/etc/systemd/system/gitea_dev.service; enabled; vendor preset: enabled)
        Active: active (running) since Mon 2025-10-20 18:16:52 AEDT; 1h 19min ago
      Main PID: 169037 (gitea)
         Tasks: 22 (limit: 19178)
        Memory: 162.4M
           CPU: 12min 5.343s
        CGroup: /system.slice/gitea_dev.service
                â””â”€169037 /usr/local/bin/gitea web --config /etc/gitea/app_dev.ini
   

[0;37m2. Process Information:[0m
   gitea     169037 14.8  1.4 3020320 240000 ?      Ssl  18:14  12:05 /usr/local/bin/gitea web --config /etc/gitea/app_dev.ini
[0;32m   âœ“ Gitea process is running[0m

[0;37m3. Network Ports:[0m
[0;32m   âœ“ HTTP port 3001 is listening[0m
   LISTEN 0      4096                *:3001             *:*                                       
[0;32m   âœ“ SSH port 2223 is listening[0m
   LISTEN 0      4096                *:2223             *:*                                       

[0;37m4. HTTP Endpoint Test:[0m
[0;32m   âœ“ HTTP endpoint is responding (http://localhost:3001)[0m
[0;37m     HTTP Status: 200[0m

[0;37m5. SSH Endpoint Test:[0m
[0;32m   âœ“ SSH port is accessible (localhost:2223)[0m

[0;37m6. Configuration:[0m
[0;31m   âœ— Config file not found: /etc/gitea/app_dev.ini[0m

[0;37m7. Database Connection:[0m
[0;31m   âœ— Database not found: gitea_dev[0m

[0;37m8. Disk Usage:[0m

[0;37m9. Recent Log Entries (last 5):[0m
[0;33m   âš  Could not retrieve logs (may need sudo)[0m

[0;34mâ”â”â”â”â”â”â”â”â”â”â”â”â”â”â”â”â”â”â”â”â”â”â”â”â”â”â”â”â”â”â”â”â”â”â”â”â”â”â”â”â”â”â”â”â”â”â”â”â”â”â”â”â”â”â”â”â”â”â”â”[0m
[0;34m  Access Information (dev)[0m
[0;34mâ”â”â”â”â”â”â”â”â”â”â”â”â”â”â”â”â”â”â”â”â”â”â”â”â”â”â”â”â”â”â”â”â”â”â”â”â”â”â”â”â”â”â”â”â”â”â”â”â”â”â”â”â”â”â”â”â”â”â”â”[0m

[0;37mWeb Interface:[0m
  http://localhost:3001
  http://127.0.0.1:3001
  http://172.19.33.56:3001 (from Windows)

[0;37mGit Clone (SSH):[0m
  git clone ssh://git@localhost:2223/username/repo.git

[0;37mGit Clone (HTTP):[0m
  git clone http://localhost:3001/username/repo.git

[0;37mUseful Commands:[0m
  sudo systemctl status gitea_dev
  sudo systemctl restart gitea_dev
  sudo journalctl -u gitea_dev -f
  sudo -u postgres psql -d gitea_dev

[0;34mâ”â”â”â”â”â”â”â”â”â”â”â”â”â”â”â”â”â”â”â”â”â”â”â”â”â”â”â”â”â”â”â”â”â”â”â”â”â”â”â”â”â”â”â”â”â”â”â”â”â”â”â”â”â”â”â”â”â”â”â”[0m
